Fri Nov 19 2021 15:08:47 GMT+0000 (Coordinated Universal Time): Color Picker updated
Fri Nov 19 2021 15:08:54 GMT+0000 (Coordinated Universal Time): Color Picker updated
Sat Feb 26 2022 06:10:03 GMT+0000 (Coordinated Universal Time): Color Picker updated
Sat Feb 26 2022 06:10:05 GMT+0000 (Coordinated Universal Time): Color Picker updated
Mon Mar 07 2022 09:29:23 GMT+0000 (Coordinated Universal Time): Color Picker updated
Mon Mar 07 2022 09:29:29 GMT+0000 (Coordinated Universal Time): Color Picker updated
Tue May 10 2022 08:52:27 GMT+0000 (Coordinated Universal Time): Navigation and Menu updated
Tue May 10 2022 13:25:51 GMT+0000 (Coordinated Universal Time): Navigation and Menu updated
Fri Jun 03 2022 10:49:42 GMT+0000 (Coordinated Universal Time): Color Picker updated
Fri Jun 03 2022 10:49:48 GMT+0000 (Coordinated Universal Time): Color Picker updated
Fri Jun 03 2022 11:48:01 GMT+0000 (Coordinated Universal Time): Color Picker updated
Fri Jun 03 2022 11:48:03 GMT+0000 (Coordinated Universal Time): Color Picker updated
Fri Jun 03 2022 14:37:41 GMT+0000 (Coordinated Universal Time): Color Picker updated
Tue Jun 07 2022 07:42:49 GMT+0000 (Coordinated Universal Time): Color Picker updated
Tue Jun 07 2022 07:42:57 GMT+0000 (Coordinated Universal Time): Color Picker updated
Wed Jun 15 2022 06:57:56 GMT+0000 (Coordinated Universal Time): Color Picker updated
Wed Jun 15 2022 06:58:03 GMT+0000 (Coordinated Universal Time): Color Picker updated
Fri Jun 17 2022 13:37:45 GMT+0000 (Coordinated Universal Time): Menu updated
Fri Jun 17 2022 13:42:56 GMT+0000 (Coordinated Universal Time): Menu updated
Fri Apr 14 2023 07:43:16 GMT+0000 (Coordinated Universal Time): Navigation updated
Fri Apr 14 2023 07:44:34 GMT+0000 (Coordinated Universal Time): Menu updated
Fri Apr 14 2023 07:45:12 GMT+0000 (Coordinated Universal Time): Navigation updated
Fri Apr 21 2023 13:29:09 GMT+0000 (Coordinated Universal Time): Colors updated
